<?xml version="1.0" encoding="UTF-8"?>
<!-- Generated by org.testng.reporters.JUnitReportReporter -->
<testsuite hostname="IMP-ITPL0916" failures="0" tests="1" name="com.azure.Test1" time="0.028" errors="0" timestamp="2024-08-09T09:50:19 IST" skipped="0">
  <testcase classname="com.azure.Test1" name="azureTestCases" time="0.028"/>
</testsuite> <!-- com.azure.Test1 -->
